Arguments: 
  C:\Program Files\nodejs\node.exe C:\Users\EdenWang\AppData\Roaming\npm\node_modules\yarn\bin\yarn.js

PATH: 
  C:\Program Files (x86)\Intel\iCLS Client\;C:\Program Files\Intel\iCLS Client\;C:\Windows\system32;C:\Windows;C:\Windows\System32\Wbem;C:\Windows\System32\WindowsPowerShell\v1.0\;C:\Program Files\Intel\Intel(R) Management Engine Components\DAL;C:\Program Files\Intel\Intel(R) Management Engine Components\IPT;C:\Program Files (x86)\Intel\Intel(R) Management Engine Components\DAL;C:\Program Files (x86)\Intel\Intel(R) Management Engine Components\IPT;C:\Program Files (x86)\Microsoft ASP.NET\ASP.NET Web Pages\v1.0\;C:\Program Files\Microsoft SQL Server\110\Tools\Binn\;C:\Program Files (x86)\Windows Kits\8.1\Windows Performance Toolkit\;C:\Program Files\Microsoft SQL Server\120\Tools\Binn\;C:\Program Files (x86)\NVIDIA Corporation\PhysX\Common;D:\Program Files (x86)\VisualSVN\bin;D:\Program Files\TortoiseSVN\bin;C:\Program Files (x86)\Skype\Phone\;C:\Program Files\Microsoft SQL Server\Client SDK\ODBC\110\Tools\Binn\;C:\Program Files (x86)\Microsoft SQL Server\120\Tools\Binn\;C:\Program Files\Microsoft SQL Server\120\DTS\Binn\;C:\Program Files (x86)\Microsoft SQL Server\120\Tools\Binn\ManagementStudio\;C:\Program Files (x86)\Microsoft SQL Server\120\DTS\Binn\;C:\Program Files (x86)\QuickTime\QTSystem\;C:\Program Files\Microsoft SQL Server\130\Tools\Binn\;C:\Program Files\Git\cmd;C:\Program Files\nodejs\;C:\Program Files (x86)\Microsoft SQL Server\110\DTS\Binn\;C:\Program Files (x86)\Microsoft SQL Server\130\DTS\Binn\;C:\Program Files\dotnet\;C:\Program Files\Microsoft\Web Platform Installer\;;C:\Program Files (x86)\Microsoft VS Code\bin;C:\Users\EdenWang\AppData\Roaming\npm

Yarn version: 
  0.16.1

Node version: 
  6.9.1

Platform: 
  win32 x64

npm manifest: 
  {
    "name": "fire-base-one",
    "version": "0.0.0",
    "license": "MIT",
    "angular-cli": {},
    "scripts": {
      "start": "ng serve",
      "lint": "tslint \"src/**/*.ts\"",
      "test": "ng test",
      "pree2e": "webdriver-manager update",
      "e2e": "protractor"
    },
    "private": true,
    "dependencies": {
      "@angular/common": "2.0.0",
      "@angular/compiler": "2.0.0",
      "@angular/core": "2.0.0",
      "@angular/forms": "2.0.0",
      "@angular/http": "2.0.0",
      "@angular/platform-browser": "2.0.0",
      "@angular/platform-browser-dynamic": "2.0.0",
      "@angular/router": "3.0.0",
      "core-js": "^2.4.1",
      "rxjs": "5.0.0-beta.12",
      "ts-helpers": "^1.1.1",
      "zone.js": "^0.6.23"
    },
    "devDependencies": {
      "@types/jasmine": "^2.2.30",
      "angular-cli": "1.0.0-beta.16",
      "codelyzer": "~0.0.26",
      "jasmine-core": "2.4.1",
      "jasmine-spec-reporter": "2.5.0",
      "karma": "1.2.0",
      "karma-chrome-launcher": "^2.0.0",
      "karma-cli": "^1.0.1",
      "karma-jasmine": "^1.0.2",
      "karma-remap-istanbul": "^0.2.1",
      "protractor": "4.0.9",
      "ts-node": "1.2.1",
      "tslint": "3.13.0",
      "typescript": "2.0.2"
    }
  }

yarn manifest: 
  No manifest

bower manifest: 
  No manifest

Lockfile: 
  No lockfile

Trace: 
  Error: ENOENT: no such file or directory, open 'D:\temp\AngularFirebase\FireBaseOne\node_modules\@types\jasmine\index.d.ts'
      at Error (native)
